<?xml version="1.0" encoding="UTF-8"?>
<testsuite name="com.mycompany.app.AppTest" tests="1" skipped="0" failures="0" errors="0" timestamp="2016-10-21T05:37:37" hostname="PC260311" time="0.002">
  <properties/>
  <testcase name="testApp" classname="com.mycompany.app.AppTest" time="0.002"/>
  <system-out><![CDATA[]]></system-out>
  <system-err><![CDATA[]]></system-err>
</testsuite>
